[{"stream_name":"stderr","time":6.727777023,"data":"0.00s - Debugger warning: It seems that frozen modules are being used, which may\n"}
,{"stream_name":"stderr","time":6.727876953,"data":"0.00s - make the debugger miss breakpoints. Please pass -Xfrozen_modules=off\n"}
,{"stream_name":"stderr","time":6.727885076,"data":"0.00s - to python to disable frozen modules.\n"}
,{"stream_name":"stderr","time":6.727890099,"data":"0.00s - Note: Debugging will proceed. Set PYDEVD_DISABLE_FILE_VALIDATION=1 to disable this validation.\n"}
,{"stream_name":"stderr","time":7.333010426,"data":"0.00s - Debugger warning: It seems that frozen modules are being used, which may\n"}
,{"stream_name":"stderr","time":7.333049739,"data":"0.00s - make the debugger miss breakpoints. Please pass -Xfrozen_modules=off\n"}
,{"stream_name":"stderr","time":7.333055406,"data":"0.00s - to python to disable frozen modules.\n"}
,{"stream_name":"stderr","time":7.333059481,"data":"0.00s - Note: Debugging will proceed. Set PYDEVD_DISABLE_FILE_VALIDATION=1 to disable this validation.\n"}
,{"stream_name":"stdout","time":14.936822683,"data":"run_1\n"}
,{"stream_name":"stdout","time":14.9369035,"data":"================================================================================\n"}
,{"stream_name":"stdout","time":14.93691191,"data":"DQN vs DDPG - SCHEME A\n"}
,{"stream_name":"stdout","time":14.936917494,"data":"================================================================================\n"}
,{"stream_name":"stdout","time":14.936922779,"data":"\n"}
,{"stream_name":"stdout","time":14.936927714,"data":"Running LOGIT simulations...\n"}
,{"stream_name":"stdout","time":1742.304008948,"data":"  Completed: DQN Δ = -0.086, DDPG Δ = -2.541\n"}
,{"stream_name":"stdout","time":1742.304063485,"data":"\n"}
,{"stream_name":"stdout","time":1742.304068201,"data":"Running HOTELLING simulations...\n"}
,{"stream_name":"stdout","time":3388.192094273,"data":"  Completed: DQN Δ = 0.482, DDPG Δ = 0.448\n"}
,{"stream_name":"stdout","time":3388.192140579,"data":"\n"}
,{"stream_name":"stdout","time":3388.192147947,"data":"Running LINEAR simulations...\n"}
,{"stream_name":"stdout","time":5030.642632414,"data":"  Completed: DQN Δ = 0.738, DDPG Δ = 0.678\n"}
,{"stream_name":"stdout","time":5030.642680682,"data":"\n"}
,{"stream_name":"stdout","time":5030.642686979,"data":"================================================================================\n"}
,{"stream_name":"stdout","time":5030.642692074,"data":"FINAL RESULTS\n"}
,{"stream_name":"stdout","time":5030.642696805,"data":"================================================================================\n"}
,{"stream_name":"stdout","time":5030.642701687,"data":"    Model  DQN Avg. Prices  Theo. Prices  DDPG Avg. Prices  Theo. Prices   DQN Extra-profits Δ  DDPG Extra-profits Δ  DQN RPDI  DDPG RPDI\n"}
,{"stream_name":"stdout","time":5030.642706998,"data":"    LOGIT             1.69          1.80              1.81           1.80                -0.09                 -2.54     -0.38       0.05\n"}
,{"stream_name":"stdout","time":5030.642712145,"data":"HOTELLING             1.13          1.00              1.12           1.00                 0.48                  0.45      0.53       0.50\n"}
,{"stream_name":"stdout","time":5030.642717383,"data":"   LINEAR             0.47          0.43              0.46           0.43                 0.74                  0.68      0.52       0.46\n"}
,{"stream_name":"stdout","time":5030.642741298,"data":"\n"}
,{"stream_name":"stdout","time":5030.642748785,"data":"================================================================================\n"}
,{"stream_name":"stdout","time":5030.642754153,"data":"OVERALL AVERAGES ACROSS ALL MODELS\n"}
,{"stream_name":"stdout","time":5030.642772338,"data":"================================================================================\n"}
,{"stream_name":"stdout","time":5030.642777158,"data":"\n"}
,{"stream_name":"stdout","time":5030.642780715,"data":"DQN:\n"}
,{"stream_name":"stdout","time":5030.642784189,"data":"  Average Delta (Δ): 0.3779\n"}
,{"stream_name":"stdout","time":5030.642788057,"data":"  Average RPDI:      0.2241\n"}
,{"stream_name":"stdout","time":5030.642791585,"data":"\n"}
,{"stream_name":"stdout","time":5030.642794974,"data":"DDPG:\n"}
,{"stream_name":"stdout","time":5030.642798437,"data":"  Average Delta (Δ): -0.4719\n"}
,{"stream_name":"stdout","time":5030.642802029,"data":"  Average RPDI:      0.3345\n"}
,{"stream_name":"stdout","time":5030.642805495,"data":"\n"}
,{"stream_name":"stdout","time":5030.64280907,"data":"[Results saved to /kaggle/working/results/run_1/shock_a/dqn_vs_ddpg_schemeA.csv]\n"}
,{"stream_name":"stdout","time":5030.642813032,"data":"run_2\n"}
,{"stream_name":"stdout","time":5030.642816536,"data":"================================================================================\n"}
,{"stream_name":"stdout","time":5030.642820205,"data":"DQN vs DDPG - SCHEME A\n"}
,{"stream_name":"stdout","time":5030.642835071,"data":"================================================================================\n"}
,{"stream_name":"stdout","time":5030.642842337,"data":"\n"}
,{"stream_name":"stdout","time":5030.642861021,"data":"Running LOGIT simulations...\n"}
,{"stream_name":"stdout","time":6673.787775568,"data":"  Completed: DQN Δ = -0.595, DDPG Δ = -2.294\n"}
,{"stream_name":"stdout","time":6673.78781318,"data":"\n"}
,{"stream_name":"stdout","time":6673.787819851,"data":"Running HOTELLING simulations...\n"}
,{"stream_name":"stdout","time":8348.829073126,"data":"  Completed: DQN Δ = 0.569, DDPG Δ = 0.440\n"}
,{"stream_name":"stdout","time":8348.829152158,"data":"\n"}
,{"stream_name":"stdout","time":8348.82917856,"data":"Running LINEAR simulations...\n"}
,{"stream_name":"stdout","time":10042.307052381,"data":"  Completed: DQN Δ = 0.746, DDPG Δ = 0.713\n"}
,{"stream_name":"stdout","time":10042.307111327,"data":"\n"}
,{"stream_name":"stdout","time":10042.307119903,"data":"================================================================================\n"}
,{"stream_name":"stdout","time":10042.307126045,"data":"FINAL RESULTS\n"}
,{"stream_name":"stdout","time":10042.307131674,"data":"================================================================================\n"}
,{"stream_name":"stdout","time":10042.307136757,"data":"    Model  DQN Avg. Prices  Theo. Prices  DDPG Avg. Prices  Theo. Prices   DQN Extra-profits Δ  DDPG Extra-profits Δ  DQN RPDI  DDPG RPDI\n"}
,{"stream_name":"stdout","time":10042.307142981,"data":"    LOGIT             1.69          1.79              1.76           1.79                -0.59                 -2.29     -0.37      -0.10\n"}
,{"stream_name":"stdout","time":10042.307147676,"data":"HOTELLING             1.13          1.00              1.15           1.00                 0.57                  0.44      0.52       0.59\n"}
,{"stream_name":"stdout","time":10042.307152291,"data":"   LINEAR             0.47          0.43              0.47           0.43                 0.75                  0.71      0.52       0.58\n"}
,{"stream_name":"stdout","time":10042.307157118,"data":"\n"}
,{"stream_name":"stdout","time":10042.307162242,"data":"================================================================================\n"}
,{"stream_name":"stdout","time":10042.307167809,"data":"OVERALL AVERAGES ACROSS ALL MODELS\n"}
,{"stream_name":"stdout","time":10042.307172701,"data":"================================================================================\n"}
,{"stream_name":"stdout","time":10042.307189171,"data":"\n"}
,{"stream_name":"stdout","time":10042.307193214,"data":"DQN:\n"}
,{"stream_name":"stdout","time":10042.307196546,"data":"  Average Delta (Δ): 0.2401\n"}
,{"stream_name":"stdout","time":10042.307200169,"data":"  Average RPDI:      0.2212\n"}
,{"stream_name":"stdout","time":10042.307204011,"data":"\n"}
,{"stream_name":"stdout","time":10042.30720784,"data":"DDPG:\n"}
,{"stream_name":"stdout","time":10042.307211989,"data":"  Average Delta (Δ): -0.3806\n"}
,{"stream_name":"stdout","time":10042.307215711,"data":"  Average RPDI:      0.3585\n"}
,{"stream_name":"stdout","time":10042.307219101,"data":"\n"}
,{"stream_name":"stdout","time":10042.307222513,"data":"[Results saved to /kaggle/working/results/run_2/shock_a/dqn_vs_ddpg_schemeA.csv]\n"}
,{"stream_name":"stdout","time":10042.307226309,"data":"run_3\n"}
,{"stream_name":"stdout","time":10042.307229922,"data":"================================================================================\n"}
,{"stream_name":"stdout","time":10042.307233733,"data":"DQN vs DDPG - SCHEME A\n"}
,{"stream_name":"stdout","time":10042.307237841,"data":"================================================================================\n"}
,{"stream_name":"stdout","time":10042.307242029,"data":"\n"}
,{"stream_name":"stdout","time":10042.307245606,"data":"Running LOGIT simulations...\n"}
,{"stream_name":"stdout","time":11696.821883817,"data":"  Completed: DQN Δ = -0.372, DDPG Δ = -2.486\n"}
,{"stream_name":"stdout","time":11696.821934651,"data":"\n"}
,{"stream_name":"stdout","time":11696.821955346,"data":"Running HOTELLING simulations...\n"}
,{"stream_name":"stdout","time":13365.792244764,"data":"  Completed: DQN Δ = 0.433, DDPG Δ = 0.438\n"}
,{"stream_name":"stdout","time":13365.792288463,"data":"\n"}
,{"stream_name":"stdout","time":13365.792295803,"data":"Running LINEAR simulations...\n"}
,{"stream_name":"stdout","time":15031.951909818,"data":"  Completed: DQN Δ = 0.657, DDPG Δ = 0.747\n"}
,{"stream_name":"stdout","time":15031.951954119,"data":"\n"}
,{"stream_name":"stdout","time":15031.951961379,"data":"================================================================================\n"}
,{"stream_name":"stdout","time":15031.951966915,"data":"FINAL RESULTS\n"}
,{"stream_name":"stdout","time":15031.95197227,"data":"================================================================================\n"}
,{"stream_name":"stdout","time":15031.95198291,"data":"    Model  DQN Avg. Prices  Theo. Prices  DDPG Avg. Prices  Theo. Prices   DQN Extra-profits Δ  DDPG Extra-profits Δ  DQN RPDI  DDPG RPDI\n"}
,{"stream_name":"stdout","time":15031.951987122,"data":"    LOGIT             1.69          1.80              1.79           1.80                -0.37                 -2.49     -0.38      -0.01\n"}
,{"stream_name":"stdout","time":15031.951991177,"data":"HOTELLING             1.13          1.00              1.11           1.00                 0.43                  0.44      0.53       0.44\n"}
,{"stream_name":"stdout","time":15031.951995195,"data":"   LINEAR             0.47          0.43              0.47           0.43                 0.66                  0.75      0.52       0.61\n"}
,{"stream_name":"stdout","time":15031.951998808,"data":"\n"}
,{"stream_name":"stdout","time":15031.952002142,"data":"================================================================================\n"}
,{"stream_name":"stdout","time":15031.952005585,"data":"OVERALL AVERAGES ACROSS ALL MODELS\n"}
,{"stream_name":"stdout","time":15031.952009061,"data":"================================================================================\n"}
,{"stream_name":"stdout","time":15031.952012626,"data":"\n"}
,{"stream_name":"stdout","time":15031.952024077,"data":"DQN:\n"}
,{"stream_name":"stdout","time":15031.952043875,"data":"  Average Delta (Δ): 0.2396\n"}
,{"stream_name":"stdout","time":15031.952048822,"data":"  Average RPDI:      0.2226\n"}
,{"stream_name":"stdout","time":15031.952053371,"data":"\n"}
,{"stream_name":"stdout","time":15031.9520577,"data":"DDPG:\n"}
,{"stream_name":"stdout","time":15031.95206202,"data":"  Average Delta (Δ): -0.4338\n"}
,{"stream_name":"stdout","time":15031.95206598,"data":"  Average RPDI:      0.3465\n"}
,{"stream_name":"stdout","time":15031.95206971,"data":"\n"}
,{"stream_name":"stdout","time":15031.952073285,"data":"[Results saved to /kaggle/working/results/run_3/shock_a/dqn_vs_ddpg_schemeA.csv]\n"}
,{"stream_name":"stdout","time":15031.952077265,"data":"run_4\n"}
,{"stream_name":"stdout","time":15031.952080928,"data":"================================================================================\n"}
,{"stream_name":"stdout","time":15031.95208489,"data":"DQN vs DDPG - SCHEME A\n"}
,{"stream_name":"stdout","time":15031.952090535,"data":"================================================================================\n"}
,{"stream_name":"stdout","time":15031.952097787,"data":"\n"}
,{"stream_name":"stdout","time":15031.952100333,"data":"Running LOGIT simulations...\n"}
,{"stream_name":"stdout","time":16697.310713811,"data":"  Completed: DQN Δ = -0.366, DDPG Δ = -2.190\n"}
,{"stream_name":"stdout","time":16697.310770483,"data":"\n"}
,{"stream_name":"stdout","time":16697.310779386,"data":"Running HOTELLING simulations...\n"}
,{"stream_name":"stdout","time":18358.606597665,"data":"  Completed: DQN Δ = 0.485, DDPG Δ = 0.448\n"}
,{"stream_name":"stdout","time":18358.606642129,"data":"\n"}
,{"stream_name":"stdout","time":18358.606649323,"data":"Running LINEAR simulations...\n"}
,{"stream_name":"stdout","time":20013.516596317,"data":"  Completed: DQN Δ = 0.673, DDPG Δ = 0.678\n"}
,{"stream_name":"stdout","time":20013.516639644,"data":"\n"}
,{"stream_name":"stdout","time":20013.516645501,"data":"================================================================================\n"}
,{"stream_name":"stdout","time":20013.516650853,"data":"FINAL RESULTS\n"}
,{"stream_name":"stdout","time":20013.516657402,"data":"================================================================================\n"}
,{"stream_name":"stdout","time":20013.516665895,"data":"    Model  DQN Avg. Prices  Theo. Prices  DDPG Avg. Prices  Theo. Prices   DQN Extra-profits Δ  DDPG Extra-profits Δ  DQN RPDI  DDPG RPDI\n"}
,{"stream_name":"stdout","time":20013.516669882,"data":"    LOGIT             1.69          1.79              1.77           1.79                -0.37                 -2.19     -0.34      -0.05\n"}
,{"stream_name":"stdout","time":20013.516673419,"data":"HOTELLING             1.13          1.00              1.13           1.00                 0.48                  0.45      0.52       0.51\n"}
,{"stream_name":"stdout","time":20013.516676941,"data":"   LINEAR             0.47          0.43              0.46           0.43                 0.67                  0.68      0.52       0.43\n"}
,{"stream_name":"stdout","time":20013.516680317,"data":"\n"}
,{"stream_name":"stdout","time":20013.51668334,"data":"================================================================================\n"}
,{"stream_name":"stdout","time":20013.516686615,"data":"OVERALL AVERAGES ACROSS ALL MODELS\n"}
,{"stream_name":"stdout","time":20013.51668976,"data":"================================================================================\n"}
,{"stream_name":"stdout","time":20013.516693671,"data":"\n"}
,{"stream_name":"stdout","time":20013.516714013,"data":"DQN:\n"}
,{"stream_name":"stdout","time":20013.51673045,"data":"  Average Delta (Δ): 0.2642\n"}
,{"stream_name":"stdout","time":20013.516749796,"data":"  Average RPDI:      0.2356\n"}
,{"stream_name":"stdout","time":20013.516753887,"data":"\n"}
,{"stream_name":"stdout","time":20013.516757309,"data":"DDPG:\n"}
,{"stream_name":"stdout","time":20013.516762759,"data":"  Average Delta (Δ): -0.3546\n"}
,{"stream_name":"stdout","time":20013.516766329,"data":"  Average RPDI:      0.2936\n"}
,{"stream_name":"stdout","time":20013.516769911,"data":"\n"}
,{"stream_name":"stdout","time":20013.516773367,"data":"[Results saved to /kaggle/working/results/run_4/shock_a/dqn_vs_ddpg_schemeA.csv]\n"}
,{"stream_name":"stdout","time":20013.516777031,"data":"run_5\n"}
,{"stream_name":"stdout","time":20013.516780423,"data":"================================================================================\n"}
,{"stream_name":"stdout","time":20013.516784131,"data":"DQN vs DDPG - SCHEME A\n"}
,{"stream_name":"stdout","time":20013.516787681,"data":"================================================================================\n"}
,{"stream_name":"stdout","time":20013.516796083,"data":"\n"}
,{"stream_name":"stdout","time":20013.516799134,"data":"Running LOGIT simulations...\n"}
,{"stream_name":"stdout","time":21679.566327542,"data":"  Completed: DQN Δ = -0.648, DDPG Δ = -2.419\n"}
,{"stream_name":"stdout","time":21679.566369869,"data":"\n"}
,{"stream_name":"stdout","time":21679.566376651,"data":"Running HOTELLING simulations...\n"}
,{"stream_name":"stdout","time":23335.272681817,"data":"  Completed: DQN Δ = 0.463, DDPG Δ = 0.444\n"}
,{"stream_name":"stdout","time":23335.272755379,"data":"\n"}
,{"stream_name":"stdout","time":23335.272765604,"data":"Running LINEAR simulations...\n"}
,{"stream_name":"stdout","time":25018.951191567,"data":"  Completed: DQN Δ = 0.673, DDPG Δ = 0.735\n"}
,{"stream_name":"stdout","time":25018.951232994,"data":"\n"}
,{"stream_name":"stdout","time":25018.95123881,"data":"================================================================================\n"}
,{"stream_name":"stdout","time":25018.951260024,"data":"FINAL RESULTS\n"}
,{"stream_name":"stdout","time":25018.951266218,"data":"================================================================================\n"}
,{"stream_name":"stdout","time":25018.951272723,"data":"    Model  DQN Avg. Prices  Theo. Prices  DDPG Avg. Prices  Theo. Prices   DQN Extra-profits Δ  DDPG Extra-profits Δ  DQN RPDI  DDPG RPDI\n"}
,{"stream_name":"stdout","time":25018.951279301,"data":"    LOGIT             1.69          1.80              1.77           1.80                -0.65                 -2.42     -0.38      -0.09\n"}
,{"stream_name":"stdout","time":25018.951285013,"data":"HOTELLING             1.13          1.00              1.12           1.00                 0.46                  0.44      0.52       0.49\n"}
,{"stream_name":"stdout","time":25018.951290775,"data":"   LINEAR             0.47          0.43              0.47           0.43                 0.67                  0.74      0.53       0.55\n"}
,{"stream_name":"stdout","time":25018.95129637,"data":"\n"}
,{"stream_name":"stdout","time":25018.951301481,"data":"================================================================================\n"}
,{"stream_name":"stdout","time":25018.951306939,"data":"OVERALL AVERAGES ACROSS ALL MODELS\n"}
,{"stream_name":"stdout","time":25018.951312366,"data":"================================================================================\n"}
,{"stream_name":"stdout","time":25018.951317661,"data":"\n"}
,{"stream_name":"stdout","time":25018.951323115,"data":"DQN:\n"}
,{"stream_name":"stdout","time":25018.951334385,"data":"  Average Delta (Δ): 0.1625\n"}
,{"stream_name":"stdout","time":25018.951365199,"data":"  Average RPDI:      0.2225\n"}
,{"stream_name":"stdout","time":25018.95137042,"data":"\n"}
,{"stream_name":"stdout","time":25018.951375288,"data":"DDPG:\n"}
,{"stream_name":"stdout","time":25018.951379857,"data":"  Average Delta (Δ): -0.4134\n"}
,{"stream_name":"stdout","time":25018.951383893,"data":"  Average RPDI:      0.3134\n"}
,{"stream_name":"stdout","time":25018.95138786,"data":"\n"}
,{"stream_name":"stdout","time":25018.951391591,"data":"[Results saved to /kaggle/working/results/run_5/shock_a/dqn_vs_ddpg_schemeA.csv]\n"}
,{"stream_name":"stdout","time":25018.951396379,"data":"run_6\n"}
,{"stream_name":"stdout","time":25018.95140035,"data":"================================================================================\n"}
,{"stream_name":"stdout","time":25018.951404355,"data":"DQN vs DDPG - SCHEME A\n"}
,{"stream_name":"stdout","time":25018.951408228,"data":"================================================================================\n"}
,{"stream_name":"stdout","time":25018.951412378,"data":"\n"}
,{"stream_name":"stdout","time":25018.951416214,"data":"Running LOGIT simulations...\n"}
,{"stream_name":"stdout","time":26817.048487543,"data":"  Completed: DQN Δ = -0.933, DDPG Δ = -2.214\n"}
,{"stream_name":"stdout","time":26817.048545595,"data":"\n"}
,{"stream_name":"stdout","time":26817.048554286,"data":"Running HOTELLING simulations...\n"}
,{"stream_name":"stdout","time":28599.771823183,"data":"  Completed: DQN Δ = 0.543, DDPG Δ = 0.465\n"}
,{"stream_name":"stdout","time":28599.771863397,"data":"\n"}
,{"stream_name":"stdout","time":28599.771871243,"data":"Running LINEAR simulations...\n"}
,{"stream_name":"stdout","time":30376.217751058,"data":"  Completed: DQN Δ = 0.710, DDPG Δ = 0.714\n"}
,{"stream_name":"stdout","time":30376.217800948,"data":"\n"}
,{"stream_name":"stdout","time":30376.217826704,"data":"================================================================================\n"}
,{"stream_name":"stdout","time":30376.217834295,"data":"FINAL RESULTS\n"}
,{"stream_name":"stdout","time":30376.217843114,"data":"================================================================================\n"}
,{"stream_name":"stdout","time":30376.217846877,"data":"    Model  DQN Avg. Prices  Theo. Prices  DDPG Avg. Prices  Theo. Prices   DQN Extra-profits Δ  DDPG Extra-profits Δ  DQN RPDI  DDPG RPDI\n"}
,{"stream_name":"stdout","time":30376.21785078,"data":"    LOGIT             1.69          1.79              1.74           1.79                -0.93                 -2.21     -0.35      -0.19\n"}
,{"stream_name":"stdout","time":30376.217854504,"data":"HOTELLING             1.13          1.00              1.14           1.00                 0.54                  0.46      0.52       0.57\n"}
,{"stream_name":"stdout","time":30376.217858655,"data":"   LINEAR             0.47          0.43              0.47           0.43                 0.71                  0.71      0.52       0.62\n"}
,{"stream_name":"stdout","time":30376.217862183,"data":"\n"}
,{"stream_name":"stdout","time":30376.217865493,"data":"================================================================================\n"}
,{"stream_name":"stdout","time":30376.217869041,"data":"OVERALL AVERAGES ACROSS ALL MODELS\n"}
,{"stream_name":"stdout","time":30376.217872466,"data":"================================================================================\n"}
,{"stream_name":"stdout","time":30376.217875901,"data":"\n"}
,{"stream_name":"stdout","time":30376.217879153,"data":"DQN:\n"}
,{"stream_name":"stdout","time":30376.217882516,"data":"  Average Delta (Δ): 0.1067\n"}
,{"stream_name":"stdout","time":30376.217885968,"data":"  Average RPDI:      0.2326\n"}
,{"stream_name":"stdout","time":30376.217898311,"data":"\n"}
,{"stream_name":"stdout","time":30376.217901166,"data":"DDPG:\n"}
,{"stream_name":"stdout","time":30376.217903684,"data":"  Average Delta (Δ): -0.3453\n"}
,{"stream_name":"stdout","time":30376.21790629,"data":"  Average RPDI:      0.3355\n"}
,{"stream_name":"stdout","time":30376.217908814,"data":"\n"}
,{"stream_name":"stdout","time":30376.21791131,"data":"[Results saved to /kaggle/working/results/run_6/shock_a/dqn_vs_ddpg_schemeA.csv]\n"}
,{"stream_name":"stdout","time":30376.217914157,"data":"run_7\n"}
,{"stream_name":"stdout","time":30376.217916759,"data":"================================================================================\n"}
,{"stream_name":"stdout","time":30376.217919349,"data":"DQN vs DDPG - SCHEME A\n"}
,{"stream_name":"stdout","time":30376.217921924,"data":"================================================================================\n"}
,{"stream_name":"stdout","time":30376.217924526,"data":"\n"}
,{"stream_name":"stdout","time":30376.217927046,"data":"Running LOGIT simulations...\n"}
,{"stream_name":"stdout","time":32174.696390692,"data":"  Completed: DQN Δ = -0.269, DDPG Δ = -2.510\n"}
,{"stream_name":"stdout","time":32174.696436027,"data":"\n"}
,{"stream_name":"stdout","time":32174.696462866,"data":"Running HOTELLING simulations...\n"}
,{"stream_name":"stdout","time":33959.791753235,"data":"  Completed: DQN Δ = 0.638, DDPG Δ = 0.469\n"}
,{"stream_name":"stdout","time":33959.791829218,"data":"\n"}
,{"stream_name":"stdout","time":33959.791837512,"data":"Running LINEAR simulations...\n"}
,{"stream_name":"stdout","time":35730.209481727,"data":"  Completed: DQN Δ = 0.694, DDPG Δ = 0.676\n"}
,{"stream_name":"stdout","time":35730.209525121,"data":"\n"}
,{"stream_name":"stdout","time":35730.209531671,"data":"================================================================================\n"}
,{"stream_name":"stdout","time":35730.209537521,"data":"FINAL RESULTS\n"}
,{"stream_name":"stdout","time":35730.209544324,"data":"================================================================================\n"}
,{"stream_name":"stdout","time":35730.209549854,"data":"    Model  DQN Avg. Prices  Theo. Prices  DDPG Avg. Prices  Theo. Prices   DQN Extra-profits Δ  DDPG Extra-profits Δ  DQN RPDI  DDPG RPDI\n"}
,{"stream_name":"stdout","time":35730.209556182,"data":"    LOGIT             1.69          1.79              1.80           1.79                -0.27                 -2.51     -0.37       0.02\n"}
,{"stream_name":"stdout","time":35730.209562118,"data":"HOTELLING             1.13          1.00              1.17           1.00                 0.64                  0.47      0.52       0.69\n"}
,{"stream_name":"stdout","time":35730.209567963,"data":"   LINEAR             0.47          0.43              0.46           0.43                 0.69                  0.68      0.52       0.51\n"}
,{"stream_name":"stdout","time":35730.209574146,"data":"\n"}
,{"stream_name":"stdout","time":35730.209579643,"data":"================================================================================\n"}
,{"stream_name":"stdout","time":35730.209584986,"data":"OVERALL AVERAGES ACROSS ALL MODELS\n"}
,{"stream_name":"stdout","time":35730.209590284,"data":"================================================================================\n"}
,{"stream_name":"stdout","time":35730.209595317,"data":"\n"}
,{"stream_name":"stdout","time":35730.209600435,"data":"DQN:\n"}
,{"stream_name":"stdout","time":35730.209605483,"data":"  Average Delta (Δ): 0.3540\n"}
,{"stream_name":"stdout","time":35730.209610803,"data":"  Average RPDI:      0.2247\n"}
,{"stream_name":"stdout","time":35730.209616879,"data":"\n"}
,{"stream_name":"stdout","time":35730.209632377,"data":"DDPG:\n"}
,{"stream_name":"stdout","time":35730.20963647,"data":"  Average Delta (Δ): -0.4550\n"}
,{"stream_name":"stdout","time":35730.209640411,"data":"  Average RPDI:      0.4052\n"}
,{"stream_name":"stdout","time":35730.209644147,"data":"\n"}
,{"stream_name":"stdout","time":35730.209648133,"data":"[Results saved to /kaggle/working/results/run_7/shock_a/dqn_vs_ddpg_schemeA.csv]\n"}
,{"stream_name":"stderr","time":35736.240160834,"data":"/usr/local/lib/python3.12/dist-packages/mistune.py:435: SyntaxWarning: invalid escape sequence '\\|'\n"}
,{"stream_name":"stderr","time":35736.240204611,"data":"  cells[i][c] = re.sub('\\\\\\\\\\|', '|', cell)\n"}
,{"stream_name":"stderr","time":35736.40731657,"data":"/usr/local/lib/python3.12/dist-packages/nbconvert/filters/filter_links.py:36: SyntaxWarning: invalid escape sequence '\\_'\n"}
,{"stream_name":"stderr","time":35736.407353492,"data":"  text = re.sub(r'_', '\\_', text) # Escape underscores in display text\n"}
,{"stream_name":"stderr","time":35737.118836443,"data":"[NbConvertApp] Converting notebook __notebook__.ipynb to notebook\n"}
,{"stream_name":"stderr","time":35737.472190245,"data":"[NbConvertApp] Writing 85694 bytes to __notebook__.ipynb\n"}
,{"stream_name":"stderr","time":35740.212957539,"data":"[NbConvertApp] Converting notebook __notebook__.ipynb to html\n"}
,{"stream_name":"stderr","time":35741.377185173,"data":"[NbConvertApp] Writing 524153 bytes to __results__.html\n"}
]